TN:
SF:src\App.css
FNF:0
FNH:0
LF:0
LH:0
BRF:0
BRH:0
end_of_record
TN:
SF:src\App.jsx
FN:6,App
FN:9,(anonymous_1)
FN:34,(anonymous_2)
FN:36,(anonymous_3)
FN:37,(anonymous_4)
FN:38,(anonymous_5)
FN:41,(anonymous_6)
FN:42,(anonymous_7)
FN:42,(anonymous_8)
FN:43,(anonymous_9)
FN:43,(anonymous_10)
FN:47,(anonymous_11)
FN:55,(anonymous_12)
FN:71,(anonymous_13)
FN:78,(anonymous_14)
FN:104,(anonymous_15)
FN:113,(anonymous_16)
FN:121,(anonymous_17)
FN:154,(anonymous_18)
FN:158,(anonymous_19)
FN:172,(anonymous_20)
FNF:21
FNH:2
FNDA:2,App
FNDA:1,(anonymous_1)
FNDA:0,(anonymous_2)
FNDA:0,(anonymous_3)
FNDA:0,(anonymous_4)
FNDA:0,(anonymous_5)
FNDA:0,(anonymous_6)
FNDA:0,(anonymous_7)
FNDA:0,(anonymous_8)
FNDA:0,(anonymous_9)
FNDA:0,(anonymous_10)
FNDA:0,(anonymous_11)
FNDA:0,(anonymous_12)
FNDA:0,(anonymous_13)
FNDA:0,(anonymous_14)
FNDA:0,(anonymous_15)
FNDA:0,(anonymous_16)
FNDA:0,(anonymous_17)
FNDA:0,(anonymous_18)
FNDA:0,(anonymous_19)
FNDA:0,(anonymous_20)
DA:7,2
DA:9,2
DA:12,1
DA:21,1
DA:22,1
DA:27,2
DA:28,2
DA:29,2
DA:30,2
DA:31,2
DA:32,2
DA:34,2
DA:35,0
DA:36,0
DA:37,0
DA:38,0
DA:41,2
DA:42,0
DA:43,0
DA:47,2
DA:48,0
DA:49,0
DA:50,0
DA:53,0
DA:55,0
DA:56,0
DA:58,0
DA:59,0
DA:60,0
DA:62,0
DA:64,0
DA:65,0
DA:66,0
DA:67,0
DA:68,0
DA:69,0
DA:70,0
DA:71,0
DA:73,0
DA:74,0
DA:78,2
DA:79,0
DA:80,0
DA:81,0
DA:82,0
DA:83,0
DA:84,0
DA:87,2
DA:104,0
DA:113,0
DA:121,0
DA:155,0
DA:158,0
DA:172,0
LF:54
LH:16
BRDA:12,0,0,1
BRDA:12,0,1,1
BRDA:12,0,2,1
BRDA:12,0,3,1
BRDA:12,0,4,1
BRDA:12,0,5,1
BRDA:12,0,6,1
BRDA:12,0,7,1
BRDA:21,1,0,1
BRDA:21,1,1,0
BRDA:21,2,0,1
BRDA:21,2,1,0
BRDA:21,2,2,0
BRDA:48,3,0,0
BRDA:48,3,1,0
BRDA:48,4,0,0
BRDA:48,4,1,0
BRDA:59,5,0,0
BRDA:59,5,1,0
BRDA:60,6,0,0
BRDA:60,6,1,0
BRDA:65,7,0,0
BRDA:65,7,1,0
BRDA:65,8,0,0
BRDA:65,8,1,0
BRDA:73,9,0,0
BRDA:73,9,1,0
BRDA:74,10,0,0
BRDA:74,10,1,0
BRDA:141,11,0,2
BRDA:141,11,1,0
BRDA:150,12,0,2
BRDA:150,12,1,0
BRF:33
BRH:12
end_of_record
TN:
SF:src\components\Decisao.css
FNF:0
FNH:0
LF:0
LH:0
BRF:0
BRH:0
end_of_record
TN:
SF:src\components\Decisao.jsx
FN:5,Dashboard
FN:32,(anonymous_1)
FN:40,(anonymous_2)
FN:49,(anonymous_3)
FNF:4
FNH:1
FNDA:1,Dashboard
FNDA:0,(anonymous_1)
FNDA:0,(anonymous_2)
FNDA:0,(anonymous_3)
DA:6,1
DA:8,1
DA:32,0
DA:40,0
DA:49,0
LF:5
LH:2
BRF:0
BRH:0
end_of_record
TN:
SF:src\components\ImportProducts.css
FNF:0
FNH:0
LF:0
LH:0
BRF:0
BRH:0
end_of_record
TN:
SF:src\components\ImportProducts.jsx
FN:6,ImportProducts
FN:16,(anonymous_1)
FN:18,(anonymous_2)
FN:28,(anonymous_3)
FN:32,(anonymous_4)
FN:36,(anonymous_5)
FN:50,(anonymous_6)
FN:70,(anonymous_7)
FN:79,(anonymous_8)
FN:108,(anonymous_9)
FN:120,(anonymous_10)
FN:136,(anonymous_11)
FN:163,(anonymous_12)
FN:185,(anonymous_13)
FNF:14
FNH:12
FNDA:16,ImportProducts
FNDA:2,(anonymous_1)
FNDA:2,(anonymous_2)
FNDA:2,(anonymous_3)
FNDA:1,(anonymous_4)
FNDA:3,(anonymous_5)
FNDA:1,(anonymous_6)
FNDA:2,(anonymous_7)
FNDA:2,(anonymous_8)
FNDA:0,(anonymous_9)
FNDA:11,(anonymous_10)
FNDA:0,(anonymous_11)
FNDA:1,(anonymous_12)
FNDA:2,(anonymous_13)
DA:7,16
DA:8,16
DA:9,16
DA:10,16
DA:11,16
DA:13,16
DA:16,16
DA:17,2
DA:18,2
DA:19,2
DA:20,2
DA:21,2
DA:23,0
DA:24,0
DA:28,2
DA:32,16
DA:33,1
DA:34,1
DA:36,3
DA:39,1
DA:40,1
DA:41,1
DA:42,3
DA:43,3
DA:44,3
DA:47,1
DA:50,16
DA:51,1
DA:52,1
DA:54,1
DA:55,1
DA:56,0
DA:57,0
DA:59,1
DA:60,0
DA:61,0
DA:64,1
DA:66,1
DA:67,1
DA:68,1
DA:70,2
DA:72,1
DA:73,3
DA:74,3
DA:75,1
DA:76,1
DA:78,2
DA:79,2
DA:82,3
DA:83,1
DA:84,1
DA:87,1
DA:94,1
DA:97,0
DA:98,0
DA:100,1
DA:104,16
DA:108,0
DA:120,11
DA:136,0
DA:164,1
DA:186,2
LF:62
LH:52
BRDA:21,0,0,2
BRDA:21,0,1,0
BRDA:21,1,0,2
BRDA:21,1,1,0
BRDA:24,2,0,0
BRDA:24,2,1,0
BRDA:33,3,0,0
BRDA:33,3,1,1
BRDA:42,4,0,3
BRDA:42,4,1,0
BRDA:55,5,0,0
BRDA:55,5,1,1
BRDA:59,6,0,0
BRDA:59,6,1,1
BRDA:74,7,0,1
BRDA:74,7,1,2
BRDA:78,8,0,2
BRDA:78,8,1,0
BRDA:82,9,0,1
BRDA:82,9,1,2
BRDA:89,10,0,1
BRDA:89,10,1,0
BRDA:131,11,0,0
BRDA:131,11,1,16
BRDA:143,12,0,16
BRDA:143,12,1,0
BRDA:145,13,0,16
BRDA:145,13,1,1
BRDA:155,14,0,0
BRDA:155,14,1,1
BRDA:177,15,0,0
BRDA:177,15,1,1
BRF:32
BRH:18
end_of_record
TN:
SF:src\components\Login.css
FNF:0
FNH:0
LF:0
LH:0
BRF:0
BRH:0
end_of_record
TN:
SF:src\components\Login.jsx
FN:7,Login
FN:17,(anonymous_1)
FN:32,(anonymous_2)
FN:107,(anonymous_3)
FN:121,(anonymous_4)
FN:129,(anonymous_5)
FN:145,(anonymous_6)
FN:167,(anonymous_7)
FNF:8
FNH:6
FNDA:49,Login
FNDA:3,(anonymous_1)
FNDA:2,(anonymous_2)
FNDA:26,(anonymous_3)
FNDA:15,(anonymous_4)
FNDA:0,(anonymous_5)
FNDA:1,(anonymous_6)
FNDA:0,(anonymous_7)
DA:8,49
DA:9,49
DA:10,49
DA:11,49
DA:12,49
DA:13,49
DA:14,49
DA:17,49
DA:18,3
DA:19,3
DA:20,0
DA:21,0
DA:25,3
DA:26,3
DA:32,49
DA:33,2
DA:34,2
DA:35,2
DA:36,2
DA:38,2
DA:39,1
DA:40,2
DA:43,1
DA:44,1
DA:45,1
DA:47,1
DA:49,0
DA:51,0
DA:52,0
DA:56,1
DA:58,1
DA:59,1
DA:61,2
DA:65,49
DA:107,26
DA:121,15
DA:129,0
DA:145,1
DA:167,0
LF:39
LH:32
BRDA:19,0,0,0
BRDA:19,0,1,3
BRDA:25,1,0,3
BRDA:25,1,1,3
BRDA:26,2,0,0
BRDA:26,2,1,3
BRDA:40,3,0,0
BRDA:40,3,1,2
BRDA:43,4,0,1
BRDA:43,4,1,0
BRDA:59,5,0,1
BRDA:59,5,1,0
BRDA:59,5,2,0
BRDA:119,6,0,0
BRDA:119,6,1,49
BRDA:126,7,0,49
BRDA:126,7,1,20
BRDA:131,8,0,0
BRDA:131,8,1,20
BRDA:133,9,0,0
BRDA:133,9,1,20
BRDA:153,10,0,2
BRDA:153,10,1,47
BRDA:158,11,0,49
BRDA:158,11,1,1
BRF:25
BRH:16
end_of_record
TN:
SF:src\components\PrivateRoute.jsx
FN:4,PrivateRoute
FNF:1
FNH:1
FNDA:2,PrivateRoute
DA:6,2
DA:15,2
DA:16,1
DA:19,1
LF:4
LH:4
BRDA:6,0,0,2
BRDA:6,0,1,1
BRDA:6,0,2,1
BRDA:6,0,3,1
BRDA:6,0,4,1
BRDA:6,0,5,1
BRDA:6,0,6,1
BRDA:6,0,7,1
BRDA:15,1,0,1
BRDA:15,1,1,1
BRDA:15,2,0,2
BRDA:15,2,1,1
BRDA:15,2,2,1
BRF:13
BRH:13
end_of_record
TN:
SF:src\components\Produto.css
FNF:0
FNH:0
LF:0
LH:0
BRF:0
BRH:0
end_of_record
TN:
SF:src\components\Produto.jsx
FN:11,DraggableImage
FN:29,(anonymous_1)
FN:30,(anonymous_2)
FN:35,(anonymous_3)
FN:49,(anonymous_4)
FN:67,(anonymous_5)
FN:73,(anonymous_6)
FN:80,(anonymous_7)
FN:87,(anonymous_8)
FN:97,Produto
FN:108,(anonymous_10)
FN:113,fetchProducts
FN:127,(anonymous_12)
FN:131,(anonymous_13)
FN:133,(anonymous_14)
FN:135,(anonymous_15)
FN:136,(anonymous_16)
FN:142,(anonymous_17)
FN:142,(anonymous_18)
FN:154,(anonymous_19)
FN:156,(anonymous_20)
FN:157,(anonymous_21)
FN:163,(anonymous_22)
FN:163,(anonymous_23)
FN:175,(anonymous_24)
FN:177,(anonymous_25)
FN:184,(anonymous_26)
FN:192,(anonymous_27)
FN:210,(anonymous_28)
FN:211,(anonymous_29)
FN:216,(anonymous_30)
FN:228,(anonymous_31)
FN:242,(anonymous_32)
FN:244,(anonymous_33)
FN:245,(anonymous_34)
FN:246,(anonymous_35)
FN:256,(anonymous_36)
FN:258,(anonymous_37)
FN:260,(anonymous_38)
FN:263,(anonymous_39)
FN:271,(anonymous_40)
FN:279,(anonymous_41)
FN:293,(anonymous_42)
FN:318,(anonymous_43)
FN:326,(anonymous_44)
FN:339,(anonymous_45)
FN:355,(anonymous_46)
FN:356,(anonymous_47)
FN:358,(anonymous_48)
FN:367,(anonymous_49)
FNF:50
FNH:4
FNDA:0,DraggableImage
FNDA:0,(anonymous_1)
FNDA:0,(anonymous_2)
FNDA:0,(anonymous_3)
FNDA:0,(anonymous_4)
FNDA:0,(anonymous_5)
FNDA:0,(anonymous_6)
FNDA:0,(anonymous_7)
FNDA:0,(anonymous_8)
FNDA:4,Produto
FNDA:2,(anonymous_10)
FNDA:2,fetchProducts
FNDA:2,(anonymous_12)
FNDA:0,(anonymous_13)
FNDA:0,(anonymous_14)
FNDA:0,(anonymous_15)
FNDA:0,(anonymous_16)
FNDA:0,(anonymous_17)
FNDA:0,(anonymous_18)
FNDA:0,(anonymous_19)
FNDA:0,(anonymous_20)
FNDA:0,(anonymous_21)
FNDA:0,(anonymous_22)
FNDA:0,(anonymous_23)
FNDA:0,(anonymous_24)
FNDA:0,(anonymous_25)
FNDA:0,(anonymous_26)
FNDA:0,(anonymous_27)
FNDA:0,(anonymous_28)
FNDA:0,(anonymous_29)
FNDA:0,(anonymous_30)
FNDA:0,(anonymous_31)
FNDA:0,(anonymous_32)
FNDA:0,(anonymous_33)
FNDA:0,(anonymous_34)
FNDA:0,(anonymous_35)
FNDA:0,(anonymous_36)
FNDA:0,(anonymous_37)
FNDA:0,(anonymous_38)
FNDA:0,(anonymous_39)
FNDA:0,(anonymous_40)
FNDA:0,(anonymous_41)
FNDA:0,(anonymous_42)
FNDA:0,(anonymous_43)
FNDA:0,(anonymous_44)
FNDA:0,(anonymous_45)
FNDA:0,(anonymous_46)
FNDA:0,(anonymous_47)
FNDA:0,(anonymous_48)
FNDA:0,(anonymous_49)
DA:9,1
DA:24,0
DA:26,0
DA:29,0
DA:30,0
DA:33,0
DA:36,0
DA:37,0
DA:38,0
DA:39,0
DA:40,0
DA:41,0
DA:42,0
DA:43,0
DA:44,0
DA:45,0
DA:46,0
DA:47,0
DA:49,0
DA:52,0
DA:54,0
DA:56,0
DA:67,0
DA:73,0
DA:80,0
DA:87,0
DA:98,4
DA:99,4
DA:100,4
DA:101,4
DA:102,4
DA:103,4
DA:105,4
DA:106,4
DA:108,4
DA:109,2
DA:110,2
DA:111,2
DA:114,2
DA:115,2
DA:116,2
DA:117,2
DA:119,0
DA:120,0
DA:122,2
DA:126,2
DA:127,2
DA:130,4
DA:131,4
DA:133,4
DA:134,0
DA:135,0
DA:136,0
DA:137,0
DA:138,0
DA:140,0
DA:141,0
DA:142,0
DA:144,0
DA:145,0
DA:148,0
DA:149,0
DA:150,0
DA:154,4
DA:155,0
DA:156,0
DA:157,0
DA:158,0
DA:159,0
DA:161,0
DA:162,0
DA:163,0
DA:165,0
DA:166,0
DA:169,0
DA:170,0
DA:171,0
DA:175,4
DA:177,4
DA:178,0
DA:179,0
DA:180,0
DA:181,0
DA:184,0
DA:185,0
DA:186,0
DA:187,0
DA:188,0
DA:192,0
DA:193,0
DA:194,0
DA:195,0
DA:196,0
DA:200,0
DA:203,0
DA:207,0
DA:208,0
DA:210,0
DA:211,0
DA:212,0
DA:213,0
DA:216,0
DA:223,0
DA:224,0
DA:227,0
DA:228,0
DA:230,0
DA:233,0
DA:235,0
DA:238,0
DA:242,4
DA:244,4
DA:245,0
DA:246,0
DA:247,0
DA:248,0
DA:249,0
DA:250,0
DA:251,0
DA:256,4
DA:257,0
DA:258,0
DA:259,0
DA:260,0
DA:261,0
DA:262,0
DA:263,0
DA:265,0
DA:266,0
DA:270,4
DA:272,0
DA:276,4
DA:279,0
DA:293,0
DA:319,0
DA:327,0
DA:339,0
DA:355,0
DA:356,0
DA:358,0
DA:367,0
LF:141
LH:31
BRDA:36,0,0,0
BRDA:36,0,1,0
BRDA:37,1,0,0
BRDA:37,1,1,0
BRDA:38,2,0,0
BRDA:38,2,1,0
BRDA:42,3,0,0
BRDA:42,3,1,0
BRDA:44,4,0,0
BRDA:44,4,1,0
BRDA:44,5,0,0
BRDA:44,5,1,0
BRDA:45,6,0,0
BRDA:45,6,1,0
BRDA:45,7,0,0
BRDA:45,7,1,0
BRDA:54,8,0,0
BRDA:54,8,1,0
BRDA:60,9,0,0
BRDA:60,9,1,0
BRDA:65,10,0,0
BRDA:65,10,1,0
BRDA:72,11,0,0
BRDA:72,11,1,0
BRDA:74,12,0,0
BRDA:74,12,1,0
BRDA:79,13,0,0
BRDA:79,13,1,0
BRDA:81,14,0,0
BRDA:81,14,1,0
BRDA:116,15,0,0
BRDA:116,15,1,2
BRDA:117,16,0,0
BRDA:117,16,1,2
BRDA:120,17,0,0
BRDA:120,17,1,0
BRDA:122,18,0,2
BRDA:122,18,1,0
BRDA:130,19,0,4
BRDA:130,19,1,0
BRDA:137,20,0,0
BRDA:137,20,1,0
BRDA:138,21,0,0
BRDA:138,21,1,0
BRDA:141,22,0,0
BRDA:141,22,1,0
BRDA:142,23,0,0
BRDA:142,23,1,0
BRDA:149,24,0,0
BRDA:149,24,1,0
BRDA:149,24,2,0
BRDA:158,25,0,0
BRDA:158,25,1,0
BRDA:159,26,0,0
BRDA:159,26,1,0
BRDA:162,27,0,0
BRDA:162,27,1,0
BRDA:163,28,0,0
BRDA:163,28,1,0
BRDA:170,29,0,0
BRDA:170,29,1,0
BRDA:170,29,2,0
BRDA:179,30,0,0
BRDA:179,30,1,0
BRDA:185,31,0,0
BRDA:185,31,1,0
BRDA:193,32,0,0
BRDA:193,32,1,0
BRDA:200,33,0,0
BRDA:200,33,1,0
BRDA:207,34,0,0
BRDA:207,34,1,0
BRDA:208,35,0,0
BRDA:208,35,1,0
BRDA:212,36,0,0
BRDA:212,36,1,0
BRDA:216,37,0,0
BRDA:216,37,1,0
BRDA:224,38,0,0
BRDA:224,38,1,0
BRDA:235,39,0,0
BRDA:235,39,1,0
BRDA:235,39,2,0
BRDA:247,40,0,0
BRDA:247,40,1,0
BRDA:248,41,0,0
BRDA:248,41,1,0
BRDA:259,42,0,0
BRDA:259,42,1,0
BRDA:259,43,0,0
BRDA:259,43,1,0
BRDA:272,44,0,0
BRDA:272,44,1,0
BRDA:283,45,0,4
BRDA:283,45,1,0
BRDA:301,46,0,2
BRDA:301,46,1,2
BRDA:303,47,0,0
BRDA:303,47,1,2
BRDA:305,48,0,2
BRDA:305,48,1,0
BRDA:320,49,0,0
BRDA:320,49,1,0
BRDA:321,50,0,0
BRDA:321,50,1,0
BRDA:322,51,0,0
BRDA:322,51,1,0
BRDA:325,52,0,0
BRDA:325,52,1,0
BRDA:325,53,0,0
BRDA:325,53,1,0
BRDA:328,54,0,0
BRDA:328,54,1,0
BRDA:354,55,0,4
BRDA:354,55,1,0
BRDA:365,56,0,4
BRDA:365,56,1,0
BRF:117
BRH:11
end_of_record
TN:
SF:src\services\api.js
FN:18,(anonymous_0)
FN:21,(anonymous_1)
FN:30,(anonymous_2)
FNF:3
FNH:0
FNDA:0,(anonymous_0)
FNDA:0,(anonymous_1)
FNDA:0,(anonymous_2)
DA:4,2
DA:5,2
DA:6,2
DA:7,2
DA:10,2
DA:11,2
DA:13,2
DA:18,2
DA:19,0
DA:20,0
DA:21,0
DA:22,0
DA:23,0
DA:24,0
DA:25,0
DA:26,0
DA:29,0
DA:30,0
LF:18
LH:8
BRDA:4,0,0,2
BRDA:4,0,1,0
BRDA:5,1,0,2
BRDA:5,1,1,0
BRDA:7,2,0,0
BRDA:7,2,1,2
BRDA:20,3,0,0
BRDA:20,3,1,0
BRDA:22,4,0,0
BRDA:22,4,1,0
BRDA:23,5,0,0
BRDA:23,5,1,0
BRDA:24,6,0,0
BRDA:24,6,1,0
BRDA:25,7,0,0
BRDA:25,7,1,0
BRF:16
BRH:3
end_of_record
