TN:
SF:src\app.js
FN:18,(anonymous_0)
FNF:1
FNH:1
FNDA:4,(anonymous_0)
DA:9,7
DA:11,7
DA:12,7
DA:15,7
DA:16,7
DA:18,7
LF:6
LH:6
BRF:0
BRH:0
end_of_record
TN:
SF:src\db.js
FN:14,getMongoUri
FN:32,(anonymous_1)
FN:76,(anonymous_2)
FNF:3
FNH:3
FNDA:9,getMongoUri
FNDA:12,(anonymous_1)
FNDA:9,(anonymous_2)
DA:6,24
DA:8,24
DA:9,24
DA:15,9
DA:32,24
DA:33,12
DA:34,3
DA:37,9
DA:38,9
DA:39,0
DA:44,9
DA:46,9
DA:54,8
DA:57,8
DA:59,8
DA:64,8
DA:65,8
DA:66,8
DA:68,1
DA:69,1
DA:76,24
DA:77,9
DA:78,8
LF:23
LH:22
BRDA:16,0,0,9
BRDA:16,0,1,0
BRDA:16,0,2,0
BRDA:16,0,3,0
BRDA:16,0,4,0
BRDA:33,1,0,3
BRDA:33,1,1,9
BRDA:33,2,0,12
BRDA:33,2,1,3
BRDA:38,3,0,0
BRDA:38,3,1,9
BRDA:47,4,0,9
BRDA:47,4,1,9
BRDA:57,5,0,8
BRDA:57,5,1,0
BRDA:60,6,0,8
BRDA:60,6,1,8
BRDA:68,7,0,1
BRDA:68,7,1,0
BRDA:77,8,0,1
BRDA:77,8,1,8
BRF:21
BRH:14
end_of_record
TN:
SF:src\server.js
FN:7,(anonymous_0)
FN:11,(anonymous_1)
FNF:2
FNH:2
FNDA:2,(anonymous_0)
FNDA:2,(anonymous_1)
DA:5,2
DA:7,2
DA:8,2
DA:9,2
DA:10,2
DA:11,2
DA:12,2
DA:15,0
DA:16,0
LF:9
LH:7
BRDA:5,0,0,2
BRDA:5,0,1,2
BRF:2
BRH:2
end_of_record
TN:
SF:src\models\Image.js
FNF:0
FNH:0
DA:4,23
LF:1
LH:1
BRF:0
BRH:0
end_of_record
TN:
SF:src\models\User.js
FNF:0
FNH:0
DA:3,16
LF:1
LH:1
BRF:0
BRH:0
end_of_record
TN:
SF:src\routes\products.js
FN:11,(anonymous_0)
FN:26,(anonymous_1)
FN:40,(anonymous_2)
FNF:3
FNH:3
FNDA:4,(anonymous_0)
FNDA:7,(anonymous_1)
FNDA:5,(anonymous_2)
DA:5,23
DA:11,23
DA:12,4
DA:13,4
DA:14,2
DA:16,2
DA:17,2
DA:26,23
DA:27,7
DA:28,7
DA:30,7
DA:31,0
DA:34,7
DA:35,6
DA:36,1
DA:39,5
DA:41,5
DA:44,5
DA:45,1
DA:47,4
DA:49,4
DA:51,2
DA:52,2
DA:53,2
DA:55,0
DA:56,0
DA:58,1
DA:59,1
DA:60,1
DA:62,0
DA:63,0
DA:65,1
DA:68,3
DA:70,2
DA:73,2
DA:74,2
LF:36
LH:31
BRDA:30,0,0,0
BRDA:30,0,1,7
BRDA:30,1,0,7
BRDA:30,1,1,7
BRDA:30,1,2,7
BRDA:35,2,0,1
BRDA:35,2,1,5
BRDA:41,3,0,5
BRDA:41,3,1,2
BRDA:44,4,0,1
BRDA:44,4,1,4
BRDA:49,5,0,2
BRDA:49,5,1,0
BRDA:49,5,2,1
BRDA:49,5,3,0
BRDA:49,5,4,1
BRF:16
BRH:13
end_of_record
TN:
SF:src\routes\upload.js
FN:12,findFile
FN:30,(anonymous_1)
FN:53,(anonymous_2)
FN:56,(anonymous_3)
FN:60,(anonymous_4)
FN:85,(anonymous_5)
FN:107,(anonymous_6)
FN:120,(anonymous_7)
FN:136,(anonymous_8)
FNF:9
FNH:7
FNDA:5,findFile
FNDA:7,(anonymous_1)
FNDA:3,(anonymous_2)
FNDA:0,(anonymous_3)
FNDA:3,(anonymous_4)
FNDA:2,(anonymous_5)
FNDA:4,(anonymous_6)
FNDA:0,(anonymous_7)
FNDA:1,(anonymous_8)
DA:8,23
DA:9,23
DA:13,5
DA:14,5
DA:16,5
DA:17,0
DA:18,0
DA:21,5
DA:30,23
DA:31,7
DA:32,4
DA:35,3
DA:37,3
DA:38,3
DA:40,3
DA:42,3
DA:43,3
DA:45,3
DA:53,3
DA:54,3
DA:57,0
DA:58,0
DA:61,3
DA:65,3
DA:73,3
DA:75,0
DA:76,0
DA:85,23
DA:86,2
DA:87,2
DA:88,2
DA:89,2
DA:90,2
DA:95,2
DA:97,0
DA:98,0
DA:107,23
DA:108,4
DA:109,4
DA:110,4
DA:111,4
DA:112,4
DA:113,4
DA:115,2
DA:116,2
DA:117,2
DA:119,2
DA:120,2
DA:121,0
DA:122,0
DA:124,2
DA:126,0
DA:127,0
DA:136,23
DA:137,1
DA:138,1
DA:139,1
DA:140,1
DA:141,1
DA:142,1
DA:144,1
DA:146,1
DA:148,0
DA:149,0
LF:64
LH:50
BRDA:13,0,0,5
BRDA:13,0,1,5
BRDA:16,1,0,0
BRDA:16,1,1,5
BRDA:31,2,0,4
BRDA:31,2,1,3
BRDA:31,3,0,7
BRDA:31,3,1,4
BRDA:66,4,0,3
BRDA:66,4,1,0
BRDA:68,5,0,3
BRDA:68,5,1,0
BRDA:88,6,0,2
BRDA:88,6,1,2
BRDA:89,7,0,2
BRDA:89,7,1,2
BRDA:113,8,0,2
BRDA:113,8,1,2
BRDA:115,9,0,2
BRDA:115,9,1,0
BRDA:142,10,0,0
BRDA:142,10,1,1
BRF:22
BRH:17
end_of_record
